

Started GET "/" for ::1 at 2016-03-16 15:13:17 +0100
Processing by Rails::WelcomeController#index as HTML
  Rendered /Users/douglasrose/.rvm/gems/ruby-2.2.1/gems/railties-4.2.5.2/lib/rails/templates/rails/welcome/index.html.erb (2.2ms)
Completed 200 OK in 23ms (Views: 14.1ms | ActiveRecord: 0.0ms)


Started GET "/" for ::1 at 2016-03-16 15:48:30 +0100
Processing by HomeController#index as HTML
  Rendered home/index.html.erb within layouts/application (6.3ms)
Completed 200 OK in 5803ms (Views: 5793.5ms | ActiveRecord: 0.0ms)


Started GET "/assets/jquery/dist/jquery.self-0a6570c8f60714fcfb2147cecaf229b5c0ffff626fe407344d3b00a2ad441b7c.js?body=1" for ::1 at 2016-03-16 15:48:36 +0100


Started GET "/assets/jquery_ujs.self-e87806d0cf4489aeb1bb7288016024e8de67fd18db693fe026fe3907581e53cd.js?body=1" for ::1 at 2016-03-16 15:48:36 +0100


Started GET "/assets/angular/angular.self-70923f8ddde9d8d74852c8b5459e5fd6585b74f050cb52b8808ece68a68255b8.js?body=1" for ::1 at 2016-03-16 15:48:36 +0100


Started GET "/assets/application.self-eca547e7bd438a2f374047ce56d686f6bc5a30e020f8df9ca7ac9c7f48b1f1c5.css?body=1" for ::1 at 2016-03-16 15:48:36 +0100


Started GET "/assets/app.self-4e558cc58bd791f6e83bd7a41750808d713f6e697404966d861af89691aa0109.js?body=1" for ::1 at 2016-03-16 15:48:36 +0100


Started GET "/assets/application.self-3b8dabdc891efe46b9a144b400ad69e37d7e5876bdc39dee783419a69d7ca819.js?body=1" for ::1 at 2016-03-16 15:48:36 +0100
DEPRECATION WARNING: You didn't set `secret_key_base`. Read the upgrade documentation to learn more about this new config option. (called from service at /Users/Alain/.rvm/rubies/ruby-2.2.3/lib/ruby/2.2.0/webrick/httpserver.rb:138)
DEPRECATION WARNING: You didn't set `secret_key_base`. Read the upgrade documentation to learn more about this new config option. (called from service at /Users/Alain/.rvm/rubies/ruby-2.2.3/lib/ruby/2.2.0/webrick/httpserver.rb:138)
DEPRECATION WARNING: You didn't set `secret_key_base`. Read the upgrade documentation to learn more about this new config option. (called from service at /Users/Alain/.rvm/rubies/ruby-2.2.3/lib/ruby/2.2.0/webrick/httpserver.rb:138)
DEPRECATION WARNING: You didn't set `secret_key_base`. Read the upgrade documentation to learn more about this new config option. (called from service at /Users/Alain/.rvm/rubies/ruby-2.2.3/lib/ruby/2.2.0/webrick/httpserver.rb:138)
DEPRECATION WARNING: You didn't set `secret_key_base`. Read the upgrade documentation to learn more about this new config option. (called from service at /Users/Alain/.rvm/rubies/ruby-2.2.3/lib/ruby/2.2.0/webrick/httpserver.rb:138)
DEPRECATION WARNING: You didn't set `secret_key_base`. Read the upgrade documentation to learn more about this new config option. (called from service at /Users/Alain/.rvm/rubies/ruby-2.2.3/lib/ruby/2.2.0/webrick/httpserver.rb:138)
DEPRECATION WARNING: You didn't set `secret_key_base`. Read the upgrade documentation to learn more about this new config option. (called from service at /Users/Alain/.rvm/rubies/ruby-2.2.3/lib/ruby/2.2.0/webrick/httpserver.rb:138)
DEPRECATION WARNING: You didn't set `secret_key_base`. Read the upgrade documentation to learn more about this new config option. (called from service at /Users/Alain/.rvm/rubies/ruby-2.2.3/lib/ruby/2.2.0/webrick/httpserver.rb:138)
  [1m[36m (79.8ms)[0m  [1mCREATE TABLE "schema_migrations" ("version" character varying NOT NULL) [0m
  [1m[35m (1.5ms)[0m  CREATE UNIQUE INDEX  "unique_schema_migrations" ON "schema_migrations"  ("version")
  [1m[36mActiveRecord::SchemaMigration Load (2.1ms)[0m  [1mSELECT "schema_migrations".* FROM "schema_migrations"[0m
DEPRECATION WARNING: You didn't set `secret_key_base`. Read the upgrade documentation to learn more about this new config option. (called from service at /Users/Alain/.rvm/rubies/ruby-2.2.3/lib/ruby/2.2.0/webrick/httpserver.rb:138)
DEPRECATION WARNING: You didn't set `secret_key_base`. Read the upgrade documentation to learn more about this new config option. (called from service at /Users/Alain/.rvm/rubies/ruby-2.2.3/lib/ruby/2.2.0/webrick/httpserver.rb:138)
DEPRECATION WARNING: You didn't set `secret_key_base`. Read the upgrade documentation to learn more about this new config option. (called from service at /Users/Alain/.rvm/rubies/ruby-2.2.3/lib/ruby/2.2.0/webrick/httpserver.rb:138)
  [1m[36m (41.2ms)[0m  [1mCREATE TABLE "schema_migrations" ("version" character varying NOT NULL) [0m
  [1m[35m (1.8ms)[0m  CREATE UNIQUE INDEX  "unique_schema_migrations" ON "schema_migrations"  ("version")
  [1m[36mActiveRecord::SchemaMigration Load (2.1ms)[0m  [1mSELECT "schema_migrations".* FROM "schema_migrations"[0m
Migrating to CreateSpaces (20160318170042)
  [1m[35m (0.1ms)[0m  BEGIN
  [1m[36m (86.2ms)[0m  [1mCREATE TABLE "spaces" ("id" serial primary key, "name" character varying, "created_at" timestamp NOT NULL, "updated_at" timestamp NOT NULL) [0m
  [1m[35mSQL (11.2ms)[0m  INSERT INTO "schema_migrations" ("version") VALUES ($1)  [["version", "20160318170042"]]
  [1m[36m (0.4ms)[0m  [1mCOMMIT[0m
  [1m[35mActiveRecord::SchemaMigration Load (0.5ms)[0m  SELECT "schema_migrations".* FROM "schema_migrations"
  [1m[36m (31.8ms)[0m  [1mSELECT t2.oid::regclass::text AS to_table, a1.attname AS column, a2.attname AS primary_key, c.conname AS name, c.confupdtype AS on_update, c.confdeltype AS on_delete
FROM pg_constraint c
JOIN pg_class t1 ON c.conrelid = t1.oid
JOIN pg_class t2 ON c.confrelid = t2.oid
JOIN pg_attribute a1 ON a1.attnum = c.conkey[1] AND a1.attrelid = t1.oid
JOIN pg_attribute a2 ON a2.attnum = c.confkey[1] AND a2.attrelid = t2.oid
JOIN pg_namespace t3 ON c.connamespace = t3.oid
WHERE c.contype = 'f'
  AND t1.relname = 'spaces'
  AND t3.nspname = ANY (current_schemas(false))
ORDER BY c.conname
[0m
  [1m[36m (0.2ms)[0m  [1mBEGIN[0m
  [1m[35mSQL (29.8ms)[0m  INSERT INTO "spaces" ("name", "created_at", "updated_at") VALUES ($1, $2, $3) RETURNING "id"  [["name", "Brilliant space"], ["created_at", "2016-03-18 17:04:36.437571"], ["updated_at", "2016-03-18 17:04:36.437571"]]
  [1m[36m (0.6ms)[0m  [1mCOMMIT[0m
  [1m[35m (0.1ms)[0m  BEGIN
  [1m[36mSQL (3.1ms)[0m  [1mINSERT INTO "spaces" ("name", "created_at", "updated_at") VALUES ($1, $2, $3) RETURNING "id"[0m  [["name", "Shitty space"], ["created_at", "2016-03-18 17:04:49.962977"], ["updated_at", "2016-03-18 17:04:49.962977"]]
  [1m[35m (1.4ms)[0m  COMMIT
  [1m[36mSpace Load (2.2ms)[0m  [1mSELECT "spaces".* FROM "spaces"[0m
DEPRECATION WARNING: You didn't set `secret_key_base`. Read the upgrade documentation to learn more about this new config option. (called from service at /Users/Alain/.rvm/rubies/ruby-2.2.3/lib/ruby/2.2.0/webrick/httpserver.rb:138)
DEPRECATION WARNING: You didn't set `secret_key_base`. Read the upgrade documentation to learn more about this new config option. (called from service at /Users/Alain/.rvm/rubies/ruby-2.2.3/lib/ruby/2.2.0/webrick/httpserver.rb:138)
DEPRECATION WARNING: You didn't set `secret_key_base`. Read the upgrade documentation to learn more about this new config option. (called from service at /Users/Alain/.rvm/rubies/ruby-2.2.3/lib/ruby/2.2.0/webrick/httpserver.rb:138)
  [1m[36m (43.0ms)[0m  [1mCREATE TABLE "schema_migrations" ("version" character varying NOT NULL) [0m
  [1m[35m (17.7ms)[0m  CREATE UNIQUE INDEX  "unique_schema_migrations" ON "schema_migrations"  ("version")
  [1m[36mActiveRecord::SchemaMigration Load (2.1ms)[0m  [1mSELECT "schema_migrations".* FROM "schema_migrations"[0m
Migrating to CreateSpaces (20160318170042)
  [1m[35m (0.1ms)[0m  BEGIN
  [1m[36m (53.7ms)[0m  [1mCREATE TABLE "spaces" ("id" serial primary key, "name" character varying, "created_at" timestamp NOT NULL, "updated_at" timestamp NOT NULL) [0m
  [1m[35mSQL (0.4ms)[0m  INSERT INTO "schema_migrations" ("version") VALUES ($1)  [["version", "20160318170042"]]
  [1m[36m (6.1ms)[0m  [1mCOMMIT[0m
  [1m[35mActiveRecord::SchemaMigration Load (0.7ms)[0m  SELECT "schema_migrations".* FROM "schema_migrations"
  [1m[36m (4.8ms)[0m  [1mSELECT t2.oid::regclass::text AS to_table, a1.attname AS column, a2.attname AS primary_key, c.conname AS name, c.confupdtype AS on_update, c.confdeltype AS on_delete
FROM pg_constraint c
JOIN pg_class t1 ON c.conrelid = t1.oid
JOIN pg_class t2 ON c.confrelid = t2.oid
JOIN pg_attribute a1 ON a1.attnum = c.conkey[1] AND a1.attrelid = t1.oid
JOIN pg_attribute a2 ON a2.attnum = c.confkey[1] AND a2.attrelid = t2.oid
JOIN pg_namespace t3 ON c.connamespace = t3.oid
WHERE c.contype = 'f'
  AND t1.relname = 'spaces'
  AND t3.nspname = ANY (current_schemas(false))
ORDER BY c.conname
[0m
DEPRECATION WARNING: You didn't set `secret_key_base`. Read the upgrade documentation to learn more about this new config option. (called from service at /Users/Alain/.rvm/rubies/ruby-2.2.3/lib/ruby/2.2.0/webrick/httpserver.rb:138)
DEPRECATION WARNING: You didn't set `secret_key_base`. Read the upgrade documentation to learn more about this new config option. (called from service at /Users/Alain/.rvm/rubies/ruby-2.2.3/lib/ruby/2.2.0/webrick/httpserver.rb:138)


Started GET "/" for ::1 at 2016-03-18 18:50:26 +0100
  [1m[36mActiveRecord::SchemaMigration Load (6.0ms)[0m  [1mSELECT "schema_migrations".* FROM "schema_migrations"[0m
Processing by Rails::WelcomeController#index as HTML
  Rendered /Users/Alain/.rvm/gems/ruby-2.2.3/gems/railties-4.2.5.2/lib/rails/templates/rails/welcome/index.html.erb (2.2ms)
Completed 200 OK in 50ms (Views: 38.0ms | ActiveRecord: 0.0ms)


Started GET "/spaces.json" for ::1 at 2016-03-18 18:50:56 +0100

ActionController::RoutingError (uninitialized constant ActionController::API):
  app/controllers/application_controller.rb:1:in `<top (required)>'
  app/controllers/spaces_controller.rb:1:in `<top (required)>'


  Rendered /Users/Alain/.rvm/gems/ruby-2.2.3/gems/actionpack-4.2.5.2/lib/action_dispatch/middleware/templates/rescues/_trace.html.erb (2.2ms)
  Rendered /Users/Alain/.rvm/gems/ruby-2.2.3/gems/actionpack-4.2.5.2/lib/action_dispatch/middleware/templates/routes/_route.html.erb (1.1ms)
  Rendered /Users/Alain/.rvm/gems/ruby-2.2.3/gems/actionpack-4.2.5.2/lib/action_dispatch/middleware/templates/routes/_table.html.erb (26.1ms)
  Rendered /Users/Alain/.rvm/gems/ruby-2.2.3/gems/actionpack-4.2.5.2/lib/action_dispatch/middleware/templates/rescues/_request_and_response.html.erb (1.2ms)
  Rendered /Users/Alain/.rvm/gems/ruby-2.2.3/gems/actionpack-4.2.5.2/lib/action_dispatch/middleware/templates/rescues/routing_error.html.erb within rescues/layout (127.9ms)
  Rendered /Users/Alain/.rvm/gems/ruby-2.2.3/gems/web-console-2.3.0/lib/web_console/templates/_markup.html.erb (0.4ms)
  Rendered /Users/Alain/.rvm/gems/ruby-2.2.3/gems/web-console-2.3.0/lib/web_console/templates/_inner_console_markup.html.erb within layouts/inlined_string (9.5ms)
  Rendered /Users/Alain/.rvm/gems/ruby-2.2.3/gems/web-console-2.3.0/lib/web_console/templates/_prompt_box_markup.html.erb within layouts/inlined_string (0.4ms)
  Rendered /Users/Alain/.rvm/gems/ruby-2.2.3/gems/web-console-2.3.0/lib/web_console/templates/style.css.erb within layouts/inlined_string (0.6ms)
  Rendered /Users/Alain/.rvm/gems/ruby-2.2.3/gems/web-console-2.3.0/lib/web_console/templates/console.js.erb within layouts/javascript (84.7ms)
  Rendered /Users/Alain/.rvm/gems/ruby-2.2.3/gems/web-console-2.3.0/lib/web_console/templates/main.js.erb within layouts/javascript (1.3ms)
  Rendered /Users/Alain/.rvm/gems/ruby-2.2.3/gems/web-console-2.3.0/lib/web_console/templates/error_page.js.erb within layouts/javascript (0.4ms)
  Rendered /Users/Alain/.rvm/gems/ruby-2.2.3/gems/web-console-2.3.0/lib/web_console/templates/index.html.erb (168.4ms)


Started GET "/spaces.json" for ::1 at 2016-03-18 18:52:24 +0100

ActionController::RoutingError (uninitialized constant ActionController::API):
  app/controllers/application_controller.rb:1:in `<top (required)>'
  app/controllers/spaces_controller.rb:1:in `<top (required)>'


  Rendered /Users/Alain/.rvm/gems/ruby-2.2.3/gems/actionpack-4.2.5.2/lib/action_dispatch/middleware/templates/rescues/_trace.html.erb (1.8ms)
  Rendered /Users/Alain/.rvm/gems/ruby-2.2.3/gems/actionpack-4.2.5.2/lib/action_dispatch/middleware/templates/routes/_route.html.erb (1.2ms)
  Rendered /Users/Alain/.rvm/gems/ruby-2.2.3/gems/actionpack-4.2.5.2/lib/action_dispatch/middleware/templates/routes/_table.html.erb (1.9ms)
  Rendered /Users/Alain/.rvm/gems/ruby-2.2.3/gems/actionpack-4.2.5.2/lib/action_dispatch/middleware/templates/rescues/_request_and_response.html.erb (1.0ms)
  Rendered /Users/Alain/.rvm/gems/ruby-2.2.3/gems/actionpack-4.2.5.2/lib/action_dispatch/middleware/templates/rescues/routing_error.html.erb within rescues/layout (80.0ms)
  Rendered /Users/Alain/.rvm/gems/ruby-2.2.3/gems/web-console-2.3.0/lib/web_console/templates/_markup.html.erb (0.4ms)
  Rendered /Users/Alain/.rvm/gems/ruby-2.2.3/gems/web-console-2.3.0/lib/web_console/templates/_inner_console_markup.html.erb within layouts/inlined_string (0.4ms)
  Rendered /Users/Alain/.rvm/gems/ruby-2.2.3/gems/web-console-2.3.0/lib/web_console/templates/_prompt_box_markup.html.erb within layouts/inlined_string (0.4ms)
  Rendered /Users/Alain/.rvm/gems/ruby-2.2.3/gems/web-console-2.3.0/lib/web_console/templates/style.css.erb within layouts/inlined_string (0.3ms)
  Rendered /Users/Alain/.rvm/gems/ruby-2.2.3/gems/web-console-2.3.0/lib/web_console/templates/console.js.erb within layouts/javascript (52.0ms)
  Rendered /Users/Alain/.rvm/gems/ruby-2.2.3/gems/web-console-2.3.0/lib/web_console/templates/main.js.erb within layouts/javascript (0.3ms)
  Rendered /Users/Alain/.rvm/gems/ruby-2.2.3/gems/web-console-2.3.0/lib/web_console/templates/error_page.js.erb within layouts/javascript (0.4ms)
  Rendered /Users/Alain/.rvm/gems/ruby-2.2.3/gems/web-console-2.3.0/lib/web_console/templates/index.html.erb (114.4ms)


Started GET "/spaces.json" for ::1 at 2016-03-18 18:56:58 +0100
  [1m[36mActiveRecord::SchemaMigration Load (12.4ms)[0m  [1mSELECT "schema_migrations".* FROM "schema_migrations"[0m
Processing by SpacesController#index as JSON
  [1m[35mSpace Load (9.0ms)[0m  SELECT "spaces".* FROM "spaces"
  Rendered spaces/index.json.jbuilder (20.3ms)
Completed 200 OK in 59ms (Views: 28.8ms | ActiveRecord: 9.9ms)


Started GET "/spaces.json" for ::1 at 2016-03-18 18:57:00 +0100
Processing by SpacesController#index as JSON
  [1m[36mSpace Load (0.3ms)[0m  [1mSELECT "spaces".* FROM "spaces"[0m
  Rendered spaces/index.json.jbuilder (1.1ms)
Completed 200 OK in 11ms (Views: 10.0ms | ActiveRecord: 0.3ms)


Started GET "/spaces.json" for ::1 at 2016-03-18 18:57:02 +0100
Processing by SpacesController#index as JSON
  [1m[35mSpace Load (0.3ms)[0m  SELECT "spaces".* FROM "spaces"
  Rendered spaces/index.json.jbuilder (0.9ms)
Completed 200 OK in 5ms (Views: 4.6ms | ActiveRecord: 0.3ms)


Started GET "/spaces.json" for ::1 at 2016-03-18 18:57:34 +0100
Processing by SpacesController#index as JSON
  [1m[36mSpace Load (0.2ms)[0m  [1mSELECT "spaces".* FROM "spaces"[0m
  Rendered spaces/index.json.jbuilder (0.7ms)
Completed 200 OK in 5ms (Views: 4.8ms | ActiveRecord: 0.2ms)


Started GET "/spaces.json" for ::1 at 2016-03-18 18:57:34 +0100
Processing by SpacesController#index as JSON
  [1m[35mSpace Load (0.2ms)[0m  SELECT "spaces".* FROM "spaces"
  Rendered spaces/index.json.jbuilder (0.9ms)
Completed 200 OK in 5ms (Views: 4.4ms | ActiveRecord: 0.2ms)


Started GET "/spaces.json" for ::1 at 2016-03-18 18:57:58 +0100
Processing by SpacesController#index as JSON
  [1m[36mSpace Load (0.2ms)[0m  [1mSELECT "spaces".* FROM "spaces"[0m
  Rendered spaces/index.json.jbuilder (0.7ms)
Completed 200 OK in 5ms (Views: 4.2ms | ActiveRecord: 0.2ms)


Started GET "/spaces.json" for ::1 at 2016-03-18 18:57:59 +0100
Processing by SpacesController#index as JSON
  [1m[35mSpace Load (0.2ms)[0m  SELECT "spaces".* FROM "spaces"
  Rendered spaces/index.json.jbuilder (0.6ms)
Completed 200 OK in 5ms (Views: 4.5ms | ActiveRecord: 0.2ms)


Started GET "/spaces.json" for ::1 at 2016-03-18 18:58:10 +0100
Processing by SpacesController#index as JSON
  [1m[36mSpace Load (0.2ms)[0m  [1mSELECT "spaces".* FROM "spaces"[0m
  Rendered spaces/index.json.jbuilder (0.8ms)
Completed 200 OK in 5ms (Views: 4.7ms | ActiveRecord: 0.2ms)
  [1m[36m (0.2ms)[0m  [1mBEGIN[0m
  [1m[35mSQL (0.8ms)[0m  INSERT INTO "spaces" ("name", "created_at", "updated_at") VALUES ($1, $2, $3) RETURNING "id"  [["name", "Fareed's House"], ["created_at", "2016-03-18 18:00:28.869558"], ["updated_at", "2016-03-18 18:00:28.869558"]]
  [1m[36m (15.2ms)[0m  [1mCOMMIT[0m
  [1m[35m (0.2ms)[0m  BEGIN
  [1m[36mSQL (0.6ms)[0m  [1mINSERT INTO "spaces" ("name", "created_at", "updated_at") VALUES ($1, $2, $3) RETURNING "id"[0m  [["name", "Barry's House"], ["created_at", "2016-03-18 18:00:38.583376"], ["updated_at", "2016-03-18 18:00:38.583376"]]
  [1m[35m (1.0ms)[0m  COMMIT


Started GET "/spaces.json" for ::1 at 2016-03-18 19:00:46 +0100
Processing by SpacesController#index as JSON
  [1m[35mSpace Load (0.2ms)[0m  SELECT "spaces".* FROM "spaces"
  Rendered spaces/index.json.jbuilder (25.8ms)
Completed 200 OK in 31ms (Views: 8.2ms | ActiveRecord: 21.7ms)


Started GET "/spaces.json" for ::1 at 2016-03-18 19:12:00 +0100
  [1m[36mActiveRecord::SchemaMigration Load (11.9ms)[0m  [1mSELECT "schema_migrations".* FROM "schema_migrations"[0m
Processing by SpacesController#index as JSON
Completed 500 Internal Server Error in 35ms (ActiveRecord: 0.0ms)

ActionView::MissingTemplate (Missing template spaces/index, application/index with {:locale=>[:en], :formats=>[:json], :variants=>[], :handlers=>[:erb, :builder, :raw, :ruby, :coffee, :jbuilder]}. Searched in:
  * "/Users/Alain/Projects/makers_bnb_fresh/app/views"
):
  actionview (4.2.5.2) lib/action_view/path_set.rb:46:in `find'
  actionview (4.2.5.2) lib/action_view/lookup_context.rb:121:in `find'
  actionview (4.2.5.2) lib/action_view/renderer/abstract_renderer.rb:18:in `find_template'
  actionview (4.2.5.2) lib/action_view/renderer/template_renderer.rb:40:in `determine_template'
  actionview (4.2.5.2) lib/action_view/renderer/template_renderer.rb:8:in `render'
  actionview (4.2.5.2) lib/action_view/renderer/renderer.rb:46:in `render_template'
  actionview (4.2.5.2) lib/action_view/renderer/renderer.rb:27:in `render'
  actionview (4.2.5.2) lib/action_view/rendering.rb:100:in `_render_template'
  actionpack (4.2.5.2) lib/action_controller/metal/streaming.rb:217:in `_render_template'
  actionview (4.2.5.2) lib/action_view/rendering.rb:83:in `render_to_body'
  actionpack (4.2.5.2) lib/action_controller/metal/rendering.rb:32:in `render_to_body'
  actionpack (4.2.5.2) lib/action_controller/metal/renderers.rb:37:in `render_to_body'
  actionpack (4.2.5.2) lib/abstract_controller/rendering.rb:25:in `render'
  actionpack (4.2.5.2) lib/action_controller/metal/rendering.rb:16:in `render'
  actionpack (4.2.5.2) lib/action_controller/metal/instrumentation.rb:44:in `block (2 levels) in render'
  activesupport (4.2.5.2) lib/active_support/core_ext/benchmark.rb:12:in `block in ms'
  /Users/Alain/.rvm/rubies/ruby-2.2.3/lib/ruby/2.2.0/benchmark.rb:303:in `realtime'
  activesupport (4.2.5.2) lib/active_support/core_ext/benchmark.rb:12:in `ms'
  actionpack (4.2.5.2) lib/action_controller/metal/instrumentation.rb:44:in `block in render'
  actionpack (4.2.5.2) lib/action_controller/metal/instrumentation.rb:87:in `cleanup_view_runtime'
  activerecord (4.2.5.2) lib/active_record/railties/controller_runtime.rb:25:in `cleanup_view_runtime'
  actionpack (4.2.5.2) lib/action_controller/metal/instrumentation.rb:43:in `render'
  actionpack (4.2.5.2) lib/action_controller/metal/implicit_render.rb:10:in `default_render'
  actionpack (4.2.5.2) lib/action_controller/metal/implicit_render.rb:5:in `send_action'
  actionpack (4.2.5.2) lib/abstract_controller/base.rb:198:in `process_action'
  actionpack (4.2.5.2) lib/action_controller/metal/rendering.rb:10:in `process_action'
  actionpack (4.2.5.2) lib/abstract_controller/callbacks.rb:20:in `block in process_action'
  activesupport (4.2.5.2) lib/active_support/callbacks.rb:117:in `call'
  activesupport (4.2.5.2) lib/active_support/callbacks.rb:117:in `call'
  activesupport (4.2.5.2) lib/active_support/callbacks.rb:555:in `block (2 levels) in compile'
  activesupport (4.2.5.2) lib/active_support/callbacks.rb:505:in `call'
  activesupport (4.2.5.2) lib/active_support/callbacks.rb:505:in `call'
  activesupport (4.2.5.2) lib/active_support/callbacks.rb:92:in `__run_callbacks__'
  activesupport (4.2.5.2) lib/active_support/callbacks.rb:778:in `_run_process_action_callbacks'
  activesupport (4.2.5.2) lib/active_support/callbacks.rb:81:in `run_callbacks'
  actionpack (4.2.5.2) lib/abstract_controller/callbacks.rb:19:in `process_action'
  actionpack (4.2.5.2) lib/action_controller/metal/rescue.rb:29:in `process_action'
  actionpack (4.2.5.2) lib/action_controller/metal/instrumentation.rb:32:in `block in process_action'
  activesupport (4.2.5.2) lib/active_support/notifications.rb:164:in `block in instrument'
  activesupport (4.2.5.2) lib/active_support/notifications/instrumenter.rb:20:in `instrument'
  activesupport (4.2.5.2) lib/active_support/notifications.rb:164:in `instrument'
  actionpack (4.2.5.2) lib/action_controller/metal/instrumentation.rb:30:in `process_action'
  actionpack (4.2.5.2) lib/action_controller/metal/params_wrapper.rb:250:in `process_action'
  activerecord (4.2.5.2) lib/active_record/railties/controller_runtime.rb:18:in `process_action'
  actionpack (4.2.5.2) lib/abstract_controller/base.rb:137:in `process'
  actionview (4.2.5.2) lib/action_view/rendering.rb:30:in `process'
  actionpack (4.2.5.2) lib/action_controller/metal.rb:196:in `dispatch'
  actionpack (4.2.5.2) lib/action_controller/metal/rack_delegation.rb:13:in `dispatch'
  actionpack (4.2.5.2) lib/action_controller/metal.rb:237:in `block in action'
  actionpack (4.2.5.2) lib/action_dispatch/routing/route_set.rb:74:in `call'
  actionpack (4.2.5.2) lib/action_dispatch/routing/route_set.rb:74:in `dispatch'
  actionpack (4.2.5.2) lib/action_dispatch/routing/route_set.rb:43:in `serve'
  actionpack (4.2.5.2) lib/action_dispatch/journey/router.rb:43:in `block in serve'
  actionpack (4.2.5.2) lib/action_dispatch/journey/router.rb:30:in `each'
  actionpack (4.2.5.2) lib/action_dispatch/journey/router.rb:30:in `serve'
  actionpack (4.2.5.2) lib/action_dispatch/routing/route_set.rb:815:in `call'
  rack (1.6.4) lib/rack/etag.rb:24:in `call'
  rack (1.6.4) lib/rack/conditionalget.rb:25:in `call'
  rack (1.6.4) lib/rack/head.rb:13:in `call'
  actionpack (4.2.5.2) lib/action_dispatch/middleware/params_parser.rb:27:in `call'
  actionpack (4.2.5.2) lib/action_dispatch/middleware/flash.rb:260:in `call'
  rack (1.6.4) lib/rack/session/abstract/id.rb:225:in `context'
  rack (1.6.4) lib/rack/session/abstract/id.rb:220:in `call'
  actionpack (4.2.5.2) lib/action_dispatch/middleware/cookies.rb:560:in `call'
  activerecord (4.2.5.2) lib/active_record/query_cache.rb:36:in `call'
  activerecord (4.2.5.2) lib/active_record/connection_adapters/abstract/connection_pool.rb:653:in `call'
  activerecord (4.2.5.2) lib/active_record/migration.rb:377:in `call'
  actionpack (4.2.5.2) lib/action_dispatch/middleware/callbacks.rb:29:in `block in call'
  activesupport (4.2.5.2) lib/active_support/callbacks.rb:88:in `__run_callbacks__'
  activesupport (4.2.5.2) lib/active_support/callbacks.rb:778:in `_run_call_callbacks'
  activesupport (4.2.5.2) lib/active_support/callbacks.rb:81:in `run_callbacks'
  actionpack (4.2.5.2) lib/action_dispatch/middleware/callbacks.rb:27:in `call'
  actionpack (4.2.5.2) lib/action_dispatch/middleware/reloader.rb:73:in `call'
  actionpack (4.2.5.2) lib/action_dispatch/middleware/remote_ip.rb:78:in `call'
  actionpack (4.2.5.2) lib/action_dispatch/middleware/debug_exceptions.rb:17:in `call'
  web-console (2.3.0) lib/web_console/middleware.rb:28:in `block in call'
  web-console (2.3.0) lib/web_console/middleware.rb:18:in `catch'
  web-console (2.3.0) lib/web_console/middleware.rb:18:in `call'
  actionpack (4.2.5.2) lib/action_dispatch/middleware/show_exceptions.rb:30:in `call'
  railties (4.2.5.2) lib/rails/rack/logger.rb:38:in `call_app'
  railties (4.2.5.2) lib/rails/rack/logger.rb:20:in `block in call'
  activesupport (4.2.5.2) lib/active_support/tagged_logging.rb:68:in `block in tagged'
  activesupport (4.2.5.2) lib/active_support/tagged_logging.rb:26:in `tagged'
  activesupport (4.2.5.2) lib/active_support/tagged_logging.rb:68:in `tagged'
  railties (4.2.5.2) lib/rails/rack/logger.rb:20:in `call'
  actionpack (4.2.5.2) lib/action_dispatch/middleware/request_id.rb:21:in `call'
  rack (1.6.4) lib/rack/methodoverride.rb:22:in `call'
  rack (1.6.4) lib/rack/runtime.rb:18:in `call'
  activesupport (4.2.5.2) lib/active_support/cache/strategy/local_cache_middleware.rb:28:in `call'
  rack (1.6.4) lib/rack/lock.rb:17:in `call'
  actionpack (4.2.5.2) lib/action_dispatch/middleware/static.rb:116:in `call'
  rack (1.6.4) lib/rack/sendfile.rb:113:in `call'
  railties (4.2.5.2) lib/rails/engine.rb:518:in `call'
  railties (4.2.5.2) lib/rails/application.rb:165:in `call'
  rack (1.6.4) lib/rack/lock.rb:17:in `call'
  rack (1.6.4) lib/rack/content_length.rb:15:in `call'
  rack (1.6.4) lib/rack/handler/webrick.rb:88:in `service'
  /Users/Alain/.rvm/rubies/ruby-2.2.3/lib/ruby/2.2.0/webrick/httpserver.rb:138:in `service'
  /Users/Alain/.rvm/rubies/ruby-2.2.3/lib/ruby/2.2.0/webrick/httpserver.rb:94:in `run'
  /Users/Alain/.rvm/rubies/ruby-2.2.3/lib/ruby/2.2.0/webrick/server.rb:294:in `block in start_thread'


  Rendered /Users/Alain/.rvm/gems/ruby-2.2.3/gems/actionpack-4.2.5.2/lib/action_dispatch/middleware/templates/rescues/_source.erb (6.0ms)
  Rendered /Users/Alain/.rvm/gems/ruby-2.2.3/gems/actionpack-4.2.5.2/lib/action_dispatch/middleware/templates/rescues/_trace.html.erb (2.6ms)
  Rendered /Users/Alain/.rvm/gems/ruby-2.2.3/gems/actionpack-4.2.5.2/lib/action_dispatch/middleware/templates/rescues/_request_and_response.html.erb (1.0ms)
  Rendered /Users/Alain/.rvm/gems/ruby-2.2.3/gems/actionpack-4.2.5.2/lib/action_dispatch/middleware/templates/rescues/missing_template.html.erb within rescues/layout (77.4ms)
  Rendered /Users/Alain/.rvm/gems/ruby-2.2.3/gems/web-console-2.3.0/lib/web_console/templates/_markup.html.erb (0.4ms)
  Rendered /Users/Alain/.rvm/gems/ruby-2.2.3/gems/web-console-2.3.0/lib/web_console/templates/_inner_console_markup.html.erb within layouts/inlined_string (0.4ms)
  Rendered /Users/Alain/.rvm/gems/ruby-2.2.3/gems/web-console-2.3.0/lib/web_console/templates/_prompt_box_markup.html.erb within layouts/inlined_string (0.4ms)
  Rendered /Users/Alain/.rvm/gems/ruby-2.2.3/gems/web-console-2.3.0/lib/web_console/templates/style.css.erb within layouts/inlined_string (2.5ms)
  Rendered /Users/Alain/.rvm/gems/ruby-2.2.3/gems/web-console-2.3.0/lib/web_console/templates/console.js.erb within layouts/javascript (84.5ms)
  Rendered /Users/Alain/.rvm/gems/ruby-2.2.3/gems/web-console-2.3.0/lib/web_console/templates/main.js.erb within layouts/javascript (0.5ms)
  Rendered /Users/Alain/.rvm/gems/ruby-2.2.3/gems/web-console-2.3.0/lib/web_console/templates/error_page.js.erb within layouts/javascript (3.2ms)
  Rendered /Users/Alain/.rvm/gems/ruby-2.2.3/gems/web-console-2.3.0/lib/web_console/templates/index.html.erb (214.1ms)


Started GET "/spaces.json" for ::1 at 2016-03-18 19:14:29 +0100
Processing by SpacesController#index as JSON
  [1m[35mSpace Load (3.2ms)[0m  SELECT "spaces".* FROM "spaces"
  Rendered spaces/index.json.jbuilder (17.5ms)
Completed 200 OK in 22ms (Views: 11.4ms | ActiveRecord: 9.8ms)


Started GET "/spaces.json" for ::1 at 2016-03-18 19:15:00 +0100
Processing by SpacesController#index as JSON
  [1m[36mSpace Load (0.3ms)[0m  [1mSELECT "spaces".* FROM "spaces"[0m
  Rendered spaces/index.json.jbuilder (1.5ms)
Completed 200 OK in 6ms (Views: 5.2ms | ActiveRecord: 0.3ms)


Started GET "/spaces.json" for ::1 at 2016-03-18 19:32:27 +0100
  [1m[36mActiveRecord::SchemaMigration Load (13.1ms)[0m  [1mSELECT "schema_migrations".* FROM "schema_migrations"[0m
Processing by SpacesController#index as JSON
  [1m[35mSpace Load (0.5ms)[0m  SELECT "spaces".* FROM "spaces"
  Rendered spaces/index.json.jbuilder (37.8ms)
Completed 200 OK in 78ms (Views: 27.7ms | ActiveRecord: 29.7ms)


Started GET "/spaces.json" for ::1 at 2016-03-19 12:14:32 +0100
Processing by SpacesController#index as JSON
  [1m[36mSpace Load (0.6ms)[0m  [1mSELECT "spaces".* FROM "spaces"[0m
  Rendered spaces/index.json.jbuilder (12.9ms)
Completed 200 OK in 31ms (Views: 24.2ms | ActiveRecord: 0.6ms)


Started GET "/spaces.json" for ::1 at 2016-03-19 12:14:41 +0100
Processing by SpacesController#index as JSON
  [1m[35mSpace Load (0.3ms)[0m  SELECT "spaces".* FROM "spaces"
  Rendered spaces/index.json.jbuilder (2.0ms)
Completed 200 OK in 7ms (Views: 6.0ms | ActiveRecord: 0.3ms)


Started GET "/spaces.json" for ::1 at 2016-03-19 12:14:45 +0100
Processing by SpacesController#index as JSON
  [1m[36mSpace Load (0.2ms)[0m  [1mSELECT "spaces".* FROM "spaces"[0m
  Rendered spaces/index.json.jbuilder (3.4ms)
Completed 200 OK in 9ms (Views: 7.9ms | ActiveRecord: 0.2ms)


Started GET "/spaces.json" for ::1 at 2016-03-19 12:15:09 +0100
Processing by SpacesController#index as JSON
  [1m[35mSpace Load (0.4ms)[0m  SELECT "spaces".* FROM "spaces"
  Rendered spaces/index.json.jbuilder (3.7ms)
Completed 200 OK in 11ms (Views: 9.4ms | ActiveRecord: 0.4ms)


Started GET "/spaces.json" for ::1 at 2016-03-19 12:17:46 +0100
Processing by SpacesController#index as JSON
  [1m[36mSpace Load (0.2ms)[0m  [1mSELECT "spaces".* FROM "spaces"[0m
  Rendered spaces/index.json.jbuilder (1.7ms)
Completed 200 OK in 6ms (Views: 5.2ms | ActiveRecord: 0.2ms)


Started GET "/spaces.json" for ::1 at 2016-03-19 12:20:34 +0100
Processing by SpacesController#index as JSON
  [1m[35mSpace Load (0.4ms)[0m  SELECT "spaces".* FROM "spaces"
  Rendered spaces/index.json.jbuilder (3.2ms)
Completed 200 OK in 9ms (Views: 8.4ms | ActiveRecord: 0.4ms)


Started GET "/spaces.json" for ::1 at 2016-03-19 12:20:35 +0100
Processing by SpacesController#index as JSON
  [1m[36mSpace Load (0.3ms)[0m  [1mSELECT "spaces".* FROM "spaces"[0m
  Rendered spaces/index.json.jbuilder (2.8ms)
Completed 200 OK in 11ms (Views: 9.5ms | ActiveRecord: 0.3ms)


Started GET "/spaces.json" for ::1 at 2016-03-19 12:20:36 +0100
Processing by SpacesController#index as JSON
  [1m[35mSpace Load (0.3ms)[0m  SELECT "spaces".* FROM "spaces"
  Rendered spaces/index.json.jbuilder (2.1ms)
Completed 200 OK in 6ms (Views: 5.5ms | ActiveRecord: 0.3ms)


Started GET "/spaces.json" for ::1 at 2016-03-19 12:21:57 +0100
Processing by SpacesController#index as JSON
  [1m[36mSpace Load (0.3ms)[0m  [1mSELECT "spaces".* FROM "spaces"[0m
  Rendered spaces/index.json.jbuilder (2.6ms)
Completed 200 OK in 9ms (Views: 7.9ms | ActiveRecord: 0.3ms)


Started GET "/spaces.json" for ::1 at 2016-03-19 12:21:58 +0100
Processing by SpacesController#index as JSON
  [1m[35mSpace Load (0.3ms)[0m  SELECT "spaces".* FROM "spaces"
  Rendered spaces/index.json.jbuilder (48.1ms)
Completed 200 OK in 54ms (Views: 52.7ms | ActiveRecord: 0.3ms)


Started GET "/spaces.json" for ::1 at 2016-03-19 12:21:59 +0100
Processing by SpacesController#index as JSON
  [1m[36mSpace Load (0.3ms)[0m  [1mSELECT "spaces".* FROM "spaces"[0m
  Rendered spaces/index.json.jbuilder (1.7ms)
Completed 200 OK in 8ms (Views: 7.0ms | ActiveRecord: 0.3ms)


Started GET "/spaces.json" for ::1 at 2016-03-19 12:22:47 +0100
Processing by SpacesController#index as JSON
  [1m[35mSpace Load (0.3ms)[0m  SELECT "spaces".* FROM "spaces"
  Rendered spaces/index.json.jbuilder (2.7ms)
Completed 200 OK in 11ms (Views: 9.7ms | ActiveRecord: 0.3ms)


Started GET "/spaces.json" for ::1 at 2016-03-19 12:22:48 +0100
Processing by SpacesController#index as JSON
  [1m[36mSpace Load (0.3ms)[0m  [1mSELECT "spaces".* FROM "spaces"[0m
  Rendered spaces/index.json.jbuilder (1.7ms)
Completed 200 OK in 6ms (Views: 5.1ms | ActiveRecord: 0.3ms)


Started GET "/spaces.json" for ::1 at 2016-03-19 12:22:49 +0100
Processing by SpacesController#index as JSON
  [1m[35mSpace Load (0.2ms)[0m  SELECT "spaces".* FROM "spaces"
  Rendered spaces/index.json.jbuilder (2.1ms)
Completed 200 OK in 6ms (Views: 5.6ms | ActiveRecord: 0.2ms)


Started GET "/spaces.json" for ::1 at 2016-03-19 12:25:43 +0100
Processing by SpacesController#index as JSON
  [1m[36mSpace Load (0.3ms)[0m  [1mSELECT "spaces".* FROM "spaces"[0m
  Rendered spaces/index.json.jbuilder (1.6ms)
Completed 200 OK in 33ms (Views: 6.2ms | ActiveRecord: 0.3ms)


Started GET "/spaces.json" for ::1 at 2016-03-19 12:25:48 +0100
Processing by SpacesController#index as JSON
  [1m[35mSpace Load (0.2ms)[0m  SELECT "spaces".* FROM "spaces"
  Rendered spaces/index.json.jbuilder (2.0ms)
Completed 200 OK in 7ms (Views: 6.2ms | ActiveRecord: 0.2ms)


Started GET "/spaces.json" for ::1 at 2016-03-19 12:26:02 +0100
Processing by SpacesController#index as JSON
  [1m[36mSpace Load (0.2ms)[0m  [1mSELECT "spaces".* FROM "spaces"[0m
  Rendered spaces/index.json.jbuilder (1.8ms)
Completed 200 OK in 7ms (Views: 5.9ms | ActiveRecord: 0.2ms)


Started GET "/spaces.json" for ::1 at 2016-03-19 12:29:36 +0100
Processing by SpacesController#index as JSON
  [1m[35mSpace Load (0.4ms)[0m  SELECT "spaces".* FROM "spaces"
  Rendered spaces/index.json.jbuilder (1.4ms)
Completed 200 OK in 5ms (Views: 4.6ms | ActiveRecord: 0.4ms)


Started GET "/spaces.json" for ::1 at 2016-03-19 12:29:43 +0100
Processing by SpacesController#index as JSON
  [1m[36mSpace Load (0.2ms)[0m  [1mSELECT "spaces".* FROM "spaces"[0m
  Rendered spaces/index.json.jbuilder (1.2ms)
Completed 200 OK in 5ms (Views: 4.6ms | ActiveRecord: 0.2ms)


Started GET "/spaces.json" for ::1 at 2016-03-19 12:45:38 +0100
Processing by SpacesController#index as JSON
  [1m[35mSpace Load (1.0ms)[0m  SELECT "spaces".* FROM "spaces"
  Rendered spaces/index.json.jbuilder (14.2ms)
Completed 200 OK in 37ms (Views: 27.6ms | ActiveRecord: 1.0ms)


Started GET "/spaces.json" for ::1 at 2016-03-19 12:45:38 +0100
Processing by SpacesController#index as JSON
  [1m[36mSpace Load (0.3ms)[0m  [1mSELECT "spaces".* FROM "spaces"[0m
  Rendered spaces/index.json.jbuilder (1.6ms)
Completed 200 OK in 6ms (Views: 5.0ms | ActiveRecord: 0.3ms)


Started GET "/spaces.json" for ::1 at 2016-03-19 12:46:37 +0100
Processing by SpacesController#index as JSON
  [1m[35mSpace Load (0.3ms)[0m  SELECT "spaces".* FROM "spaces"
  Rendered spaces/index.json.jbuilder (1.6ms)
Completed 200 OK in 6ms (Views: 5.2ms | ActiveRecord: 0.3ms)


Started GET "/spaces.json" for ::1 at 2016-03-19 12:46:38 +0100
Processing by SpacesController#index as JSON
  [1m[36mSpace Load (0.2ms)[0m  [1mSELECT "spaces".* FROM "spaces"[0m
  Rendered spaces/index.json.jbuilder (1.4ms)
Completed 200 OK in 7ms (Views: 6.4ms | ActiveRecord: 0.2ms)


Started GET "/spaces.json" for ::1 at 2016-03-19 12:46:58 +0100
Processing by SpacesController#index as JSON
  [1m[35mSpace Load (0.2ms)[0m  SELECT "spaces".* FROM "spaces"
  Rendered spaces/index.json.jbuilder (1.7ms)
Completed 200 OK in 6ms (Views: 5.1ms | ActiveRecord: 0.2ms)


Started GET "/spaces.json" for ::1 at 2016-03-19 12:46:59 +0100
Processing by SpacesController#index as JSON
  [1m[36mSpace Load (0.3ms)[0m  [1mSELECT "spaces".* FROM "spaces"[0m
  Rendered spaces/index.json.jbuilder (1.6ms)
Completed 200 OK in 6ms (Views: 5.5ms | ActiveRecord: 0.3ms)


Started GET "/spaces.json" for ::1 at 2016-03-19 12:56:18 +0100
Processing by SpacesController#index as JSON
  [1m[35mSpace Load (0.3ms)[0m  SELECT "spaces".* FROM "spaces"
  Rendered spaces/index.json.jbuilder (1.9ms)
Completed 200 OK in 8ms (Views: 6.6ms | ActiveRecord: 0.3ms)


Started GET "/spaces.json" for ::1 at 2016-03-19 12:56:19 +0100
Processing by SpacesController#index as JSON
  [1m[36mSpace Load (0.3ms)[0m  [1mSELECT "spaces".* FROM "spaces"[0m
  Rendered spaces/index.json.jbuilder (2.2ms)
Completed 200 OK in 8ms (Views: 6.6ms | ActiveRecord: 0.3ms)


Started GET "/spaces.json" for ::1 at 2016-03-19 12:57:52 +0100
Processing by SpacesController#index as JSON
  [1m[35mSpace Load (0.2ms)[0m  SELECT "spaces".* FROM "spaces"
  Rendered spaces/index.json.jbuilder (1.1ms)
Completed 200 OK in 8ms (Views: 6.6ms | ActiveRecord: 0.2ms)


Started GET "/spaces.json" for ::1 at 2016-03-19 12:57:52 +0100
Processing by SpacesController#index as JSON
  [1m[36mSpace Load (0.2ms)[0m  [1mSELECT "spaces".* FROM "spaces"[0m
  Rendered spaces/index.json.jbuilder (1.1ms)
Completed 200 OK in 7ms (Views: 5.6ms | ActiveRecord: 0.2ms)


Started GET "/spaces.json" for ::1 at 2016-03-19 13:00:25 +0100
Processing by SpacesController#index as JSON
  [1m[35mSpace Load (0.3ms)[0m  SELECT "spaces".* FROM "spaces"
  Rendered spaces/index.json.jbuilder (0.9ms)
Completed 200 OK in 7ms (Views: 5.7ms | ActiveRecord: 0.3ms)


Started GET "/spaces.json" for ::1 at 2016-03-19 13:08:57 +0100
Processing by SpacesController#index as JSON
  [1m[36mSpace Load (0.4ms)[0m  [1mSELECT "spaces".* FROM "spaces"[0m
  Rendered spaces/index.json.jbuilder (1.2ms)
Completed 200 OK in 7ms (Views: 6.0ms | ActiveRecord: 0.4ms)


Started GET "/" for ::1 at 2016-03-19 13:41:36 +0100
Processing by Rails::WelcomeController#index as HTML
  Rendered /Users/Alain/.rvm/gems/ruby-2.2.3/gems/railties-4.2.5.2/lib/rails/templates/rails/welcome/index.html.erb (4.4ms)
Completed 200 OK in 18ms (Views: 16.4ms | ActiveRecord: 0.0ms)


Started GET "/spaces.json" for ::1 at 2016-03-19 13:41:52 +0100
Processing by SpacesController#index as JSON
  [1m[35mSpace Load (0.7ms)[0m  SELECT "spaces".* FROM "spaces"
  Rendered spaces/index.json.jbuilder (4.1ms)
Completed 200 OK in 11ms (Views: 8.9ms | ActiveRecord: 0.7ms)


Started GET "/spaces.json" for ::1 at 2016-03-19 13:48:50 +0100
  [1m[36mActiveRecord::SchemaMigration Load (12.1ms)[0m  [1mSELECT "schema_migrations".* FROM "schema_migrations"[0m
Processing by SpacesController#index as JSON
  [1m[35mSpace Load (2.2ms)[0m  SELECT "spaces".* FROM "spaces"
  Rendered spaces/index.json.jbuilder (9.7ms)
Completed 200 OK in 48ms (Views: 25.3ms | ActiveRecord: 2.9ms)


Started POST "/spaces" for ::1 at 2016-03-19 13:50:15 +0100
Processing by SpacesController#create as HTML
Can't verify CSRF token authenticity
Completed 422 Unprocessable Entity in 1ms (ActiveRecord: 0.0ms)

ActionController::InvalidAuthenticityToken (ActionController::InvalidAuthenticityToken):
  actionpack (4.2.5.2) lib/action_controller/metal/request_forgery_protection.rb:181:in `handle_unverified_request'
  actionpack (4.2.5.2) lib/action_controller/metal/request_forgery_protection.rb:209:in `handle_unverified_request'
  actionpack (4.2.5.2) lib/action_controller/metal/request_forgery_protection.rb:204:in `verify_authenticity_token'
  activesupport (4.2.5.2) lib/active_support/callbacks.rb:432:in `block in make_lambda'
  activesupport (4.2.5.2) lib/active_support/callbacks.rb:164:in `call'
  activesupport (4.2.5.2) lib/active_support/callbacks.rb:164:in `block in halting'
  activesupport (4.2.5.2) lib/active_support/callbacks.rb:504:in `call'
  activesupport (4.2.5.2) lib/active_support/callbacks.rb:504:in `block in call'
  activesupport (4.2.5.2) lib/active_support/callbacks.rb:504:in `each'
  activesupport (4.2.5.2) lib/active_support/callbacks.rb:504:in `call'
  activesupport (4.2.5.2) lib/active_support/callbacks.rb:92:in `__run_callbacks__'
  activesupport (4.2.5.2) lib/active_support/callbacks.rb:778:in `_run_process_action_callbacks'
  activesupport (4.2.5.2) lib/active_support/callbacks.rb:81:in `run_callbacks'
  actionpack (4.2.5.2) lib/abstract_controller/callbacks.rb:19:in `process_action'
  actionpack (4.2.5.2) lib/action_controller/metal/rescue.rb:29:in `process_action'
  actionpack (4.2.5.2) lib/action_controller/metal/instrumentation.rb:32:in `block in process_action'
  activesupport (4.2.5.2) lib/active_support/notifications.rb:164:in `block in instrument'
  activesupport (4.2.5.2) lib/active_support/notifications/instrumenter.rb:20:in `instrument'
  activesupport (4.2.5.2) lib/active_support/notifications.rb:164:in `instrument'
  actionpack (4.2.5.2) lib/action_controller/metal/instrumentation.rb:30:in `process_action'
  actionpack (4.2.5.2) lib/action_controller/metal/params_wrapper.rb:250:in `process_action'
  activerecord (4.2.5.2) lib/active_record/railties/controller_runtime.rb:18:in `process_action'
  actionpack (4.2.5.2) lib/abstract_controller/base.rb:137:in `process'
  actionview (4.2.5.2) lib/action_view/rendering.rb:30:in `process'
  actionpack (4.2.5.2) lib/action_controller/metal.rb:196:in `dispatch'
  actionpack (4.2.5.2) lib/action_controller/metal/rack_delegation.rb:13:in `dispatch'
  actionpack (4.2.5.2) lib/action_controller/metal.rb:237:in `block in action'
  actionpack (4.2.5.2) lib/action_dispatch/routing/route_set.rb:74:in `call'
  actionpack (4.2.5.2) lib/action_dispatch/routing/route_set.rb:74:in `dispatch'
  actionpack (4.2.5.2) lib/action_dispatch/routing/route_set.rb:43:in `serve'
  actionpack (4.2.5.2) lib/action_dispatch/journey/router.rb:43:in `block in serve'
  actionpack (4.2.5.2) lib/action_dispatch/journey/router.rb:30:in `each'
  actionpack (4.2.5.2) lib/action_dispatch/journey/router.rb:30:in `serve'
  actionpack (4.2.5.2) lib/action_dispatch/routing/route_set.rb:815:in `call'
  rack (1.6.4) lib/rack/etag.rb:24:in `call'
  rack (1.6.4) lib/rack/conditionalget.rb:38:in `call'
  rack (1.6.4) lib/rack/head.rb:13:in `call'
  actionpack (4.2.5.2) lib/action_dispatch/middleware/params_parser.rb:27:in `call'
  actionpack (4.2.5.2) lib/action_dispatch/middleware/flash.rb:260:in `call'
  rack (1.6.4) lib/rack/session/abstract/id.rb:225:in `context'
  rack (1.6.4) lib/rack/session/abstract/id.rb:220:in `call'
  actionpack (4.2.5.2) lib/action_dispatch/middleware/cookies.rb:560:in `call'
  activerecord (4.2.5.2) lib/active_record/query_cache.rb:36:in `call'
  activerecord (4.2.5.2) lib/active_record/connection_adapters/abstract/connection_pool.rb:653:in `call'
  activerecord (4.2.5.2) lib/active_record/migration.rb:377:in `call'
  actionpack (4.2.5.2) lib/action_dispatch/middleware/callbacks.rb:29:in `block in call'
  activesupport (4.2.5.2) lib/active_support/callbacks.rb:88:in `__run_callbacks__'
  activesupport (4.2.5.2) lib/active_support/callbacks.rb:778:in `_run_call_callbacks'
  activesupport (4.2.5.2) lib/active_support/callbacks.rb:81:in `run_callbacks'
  actionpack (4.2.5.2) lib/action_dispatch/middleware/callbacks.rb:27:in `call'
  actionpack (4.2.5.2) lib/action_dispatch/middleware/reloader.rb:73:in `call'
  actionpack (4.2.5.2) lib/action_dispatch/middleware/remote_ip.rb:78:in `call'
  actionpack (4.2.5.2) lib/action_dispatch/middleware/debug_exceptions.rb:17:in `call'
  web-console (2.3.0) lib/web_console/middleware.rb:28:in `block in call'
  web-console (2.3.0) lib/web_console/middleware.rb:18:in `catch'
  web-console (2.3.0) lib/web_console/middleware.rb:18:in `call'
  actionpack (4.2.5.2) lib/action_dispatch/middleware/show_exceptions.rb:30:in `call'
  railties (4.2.5.2) lib/rails/rack/logger.rb:38:in `call_app'
  railties (4.2.5.2) lib/rails/rack/logger.rb:20:in `block in call'
  activesupport (4.2.5.2) lib/active_support/tagged_logging.rb:68:in `block in tagged'
  activesupport (4.2.5.2) lib/active_support/tagged_logging.rb:26:in `tagged'
  activesupport (4.2.5.2) lib/active_support/tagged_logging.rb:68:in `tagged'
  railties (4.2.5.2) lib/rails/rack/logger.rb:20:in `call'
  actionpack (4.2.5.2) lib/action_dispatch/middleware/request_id.rb:21:in `call'
  rack (1.6.4) lib/rack/methodoverride.rb:22:in `call'
  rack (1.6.4) lib/rack/runtime.rb:18:in `call'
  activesupport (4.2.5.2) lib/active_support/cache/strategy/local_cache_middleware.rb:28:in `call'
  rack (1.6.4) lib/rack/lock.rb:17:in `call'
  actionpack (4.2.5.2) lib/action_dispatch/middleware/static.rb:116:in `call'
  rack (1.6.4) lib/rack/sendfile.rb:113:in `call'
  railties (4.2.5.2) lib/rails/engine.rb:518:in `call'
  railties (4.2.5.2) lib/rails/application.rb:165:in `call'
  rack (1.6.4) lib/rack/lock.rb:17:in `call'
  rack (1.6.4) lib/rack/content_length.rb:15:in `call'
  rack (1.6.4) lib/rack/handler/webrick.rb:88:in `service'
  /Users/Alain/.rvm/rubies/ruby-2.2.3/lib/ruby/2.2.0/webrick/httpserver.rb:138:in `service'
  /Users/Alain/.rvm/rubies/ruby-2.2.3/lib/ruby/2.2.0/webrick/httpserver.rb:94:in `run'
  /Users/Alain/.rvm/rubies/ruby-2.2.3/lib/ruby/2.2.0/webrick/server.rb:294:in `block in start_thread'


  Rendered /Users/Alain/.rvm/gems/ruby-2.2.3/gems/actionpack-4.2.5.2/lib/action_dispatch/middleware/templates/rescues/_source.erb (4.7ms)
  Rendered /Users/Alain/.rvm/gems/ruby-2.2.3/gems/actionpack-4.2.5.2/lib/action_dispatch/middleware/templates/rescues/_trace.html.erb (3.1ms)
  Rendered /Users/Alain/.rvm/gems/ruby-2.2.3/gems/actionpack-4.2.5.2/lib/action_dispatch/middleware/templates/rescues/_request_and_response.html.erb (2.7ms)
  Rendered /Users/Alain/.rvm/gems/ruby-2.2.3/gems/actionpack-4.2.5.2/lib/action_dispatch/middleware/templates/rescues/diagnostics.html.erb within rescues/layout (83.3ms)
  Rendered /Users/Alain/.rvm/gems/ruby-2.2.3/gems/web-console-2.3.0/lib/web_console/templates/_markup.html.erb (0.8ms)
  Rendered /Users/Alain/.rvm/gems/ruby-2.2.3/gems/web-console-2.3.0/lib/web_console/templates/_inner_console_markup.html.erb within layouts/inlined_string (0.4ms)
  Rendered /Users/Alain/.rvm/gems/ruby-2.2.3/gems/web-console-2.3.0/lib/web_console/templates/_prompt_box_markup.html.erb within layouts/inlined_string (0.3ms)
  Rendered /Users/Alain/.rvm/gems/ruby-2.2.3/gems/web-console-2.3.0/lib/web_console/templates/style.css.erb within layouts/inlined_string (0.5ms)
  Rendered /Users/Alain/.rvm/gems/ruby-2.2.3/gems/web-console-2.3.0/lib/web_console/templates/console.js.erb within layouts/javascript (121.7ms)
  Rendered /Users/Alain/.rvm/gems/ruby-2.2.3/gems/web-console-2.3.0/lib/web_console/templates/main.js.erb within layouts/javascript (0.3ms)
  Rendered /Users/Alain/.rvm/gems/ruby-2.2.3/gems/web-console-2.3.0/lib/web_console/templates/error_page.js.erb within layouts/javascript (0.4ms)
  Rendered /Users/Alain/.rvm/gems/ruby-2.2.3/gems/web-console-2.3.0/lib/web_console/templates/index.html.erb (225.9ms)


Started POST "/spaces" for ::1 at 2016-03-19 13:56:27 +0100
  [1m[36mActiveRecord::SchemaMigration Load (15.0ms)[0m  [1mSELECT "schema_migrations".* FROM "schema_migrations"[0m

ArgumentError (Invalid request forgery protection method, use :null_session, :exception, or :reset_session):
  app/controllers/application_controller.rb:4:in `<class:ApplicationController>'
  app/controllers/application_controller.rb:1:in `<top (required)>'
  app/controllers/spaces_controller.rb:1:in `<top (required)>'


  Rendered /Users/Alain/.rvm/gems/ruby-2.2.3/gems/actionpack-4.2.5.2/lib/action_dispatch/middleware/templates/rescues/_source.erb (4.2ms)
  Rendered /Users/Alain/.rvm/gems/ruby-2.2.3/gems/actionpack-4.2.5.2/lib/action_dispatch/middleware/templates/rescues/_trace.html.erb (2.4ms)
  Rendered /Users/Alain/.rvm/gems/ruby-2.2.3/gems/actionpack-4.2.5.2/lib/action_dispatch/middleware/templates/rescues/_request_and_response.html.erb (14.5ms)
  Rendered /Users/Alain/.rvm/gems/ruby-2.2.3/gems/actionpack-4.2.5.2/lib/action_dispatch/middleware/templates/rescues/diagnostics.html.erb within rescues/layout (83.8ms)
  Rendered /Users/Alain/.rvm/gems/ruby-2.2.3/gems/web-console-2.3.0/lib/web_console/templates/_markup.html.erb (0.4ms)
  Rendered /Users/Alain/.rvm/gems/ruby-2.2.3/gems/web-console-2.3.0/lib/web_console/templates/_inner_console_markup.html.erb within layouts/inlined_string (0.4ms)
  Rendered /Users/Alain/.rvm/gems/ruby-2.2.3/gems/web-console-2.3.0/lib/web_console/templates/_prompt_box_markup.html.erb within layouts/inlined_string (0.3ms)
  Rendered /Users/Alain/.rvm/gems/ruby-2.2.3/gems/web-console-2.3.0/lib/web_console/templates/style.css.erb within layouts/inlined_string (0.6ms)
  Rendered /Users/Alain/.rvm/gems/ruby-2.2.3/gems/web-console-2.3.0/lib/web_console/templates/console.js.erb within layouts/javascript (75.7ms)
  Rendered /Users/Alain/.rvm/gems/ruby-2.2.3/gems/web-console-2.3.0/lib/web_console/templates/main.js.erb within layouts/javascript (0.3ms)
  Rendered /Users/Alain/.rvm/gems/ruby-2.2.3/gems/web-console-2.3.0/lib/web_console/templates/error_page.js.erb within layouts/javascript (0.7ms)
  Rendered /Users/Alain/.rvm/gems/ruby-2.2.3/gems/web-console-2.3.0/lib/web_console/templates/index.html.erb (176.9ms)


Started POST "/spaces" for ::1 at 2016-03-19 14:00:14 +0100
  [1m[36mActiveRecord::SchemaMigration Load (12.4ms)[0m  [1mSELECT "schema_migrations".* FROM "schema_migrations"[0m
Processing by SpacesController#create as HTML
Can't verify CSRF token authenticity
Completed 400 Bad Request in 1ms (ActiveRecord: 0.0ms)

ActionController::ParameterMissing (param is missing or the value is empty: space):
  app/controllers/spaces_controller.rb:73:in `space_params'
  app/controllers/spaces_controller.rb:27:in `create'


  Rendered /Users/Alain/.rvm/gems/ruby-2.2.3/gems/actionpack-4.2.5.2/lib/action_dispatch/middleware/templates/rescues/_source.erb (9.2ms)
  Rendered /Users/Alain/.rvm/gems/ruby-2.2.3/gems/actionpack-4.2.5.2/lib/action_dispatch/middleware/templates/rescues/_trace.html.erb (2.6ms)
  Rendered /Users/Alain/.rvm/gems/ruby-2.2.3/gems/actionpack-4.2.5.2/lib/action_dispatch/middleware/templates/rescues/_request_and_response.html.erb (1.4ms)
  Rendered /Users/Alain/.rvm/gems/ruby-2.2.3/gems/actionpack-4.2.5.2/lib/action_dispatch/middleware/templates/rescues/diagnostics.html.erb within rescues/layout (93.0ms)
  Rendered /Users/Alain/.rvm/gems/ruby-2.2.3/gems/web-console-2.3.0/lib/web_console/templates/_markup.html.erb (0.4ms)
  Rendered /Users/Alain/.rvm/gems/ruby-2.2.3/gems/web-console-2.3.0/lib/web_console/templates/_inner_console_markup.html.erb within layouts/inlined_string (1.0ms)
  Rendered /Users/Alain/.rvm/gems/ruby-2.2.3/gems/web-console-2.3.0/lib/web_console/templates/_prompt_box_markup.html.erb within layouts/inlined_string (0.5ms)
  Rendered /Users/Alain/.rvm/gems/ruby-2.2.3/gems/web-console-2.3.0/lib/web_console/templates/style.css.erb within layouts/inlined_string (0.7ms)
  Rendered /Users/Alain/.rvm/gems/ruby-2.2.3/gems/web-console-2.3.0/lib/web_console/templates/console.js.erb within layouts/javascript (81.8ms)
  Rendered /Users/Alain/.rvm/gems/ruby-2.2.3/gems/web-console-2.3.0/lib/web_console/templates/main.js.erb within layouts/javascript (0.4ms)
  Rendered /Users/Alain/.rvm/gems/ruby-2.2.3/gems/web-console-2.3.0/lib/web_console/templates/error_page.js.erb within layouts/javascript (0.4ms)
  Rendered /Users/Alain/.rvm/gems/ruby-2.2.3/gems/web-console-2.3.0/lib/web_console/templates/index.html.erb (210.7ms)


Started POST "/spaces" for ::1 at 2016-03-19 14:04:45 +0100
  [1m[36mActiveRecord::SchemaMigration Load (12.1ms)[0m  [1mSELECT "schema_migrations".* FROM "schema_migrations"[0m
Processing by SpacesController#create as HTML
Can't verify CSRF token authenticity
Completed 400 Bad Request in 1ms (ActiveRecord: 0.0ms)

ActionController::ParameterMissing (param is missing or the value is empty: space):
  app/controllers/spaces_controller.rb:73:in `space_params'
  app/controllers/spaces_controller.rb:27:in `create'


  Rendered /Users/Alain/.rvm/gems/ruby-2.2.3/gems/actionpack-4.2.5.2/lib/action_dispatch/middleware/templates/rescues/_source.erb (11.5ms)
  Rendered /Users/Alain/.rvm/gems/ruby-2.2.3/gems/actionpack-4.2.5.2/lib/action_dispatch/middleware/templates/rescues/_trace.html.erb (2.1ms)
  Rendered /Users/Alain/.rvm/gems/ruby-2.2.3/gems/actionpack-4.2.5.2/lib/action_dispatch/middleware/templates/rescues/_request_and_response.html.erb (0.9ms)
  Rendered /Users/Alain/.rvm/gems/ruby-2.2.3/gems/actionpack-4.2.5.2/lib/action_dispatch/middleware/templates/rescues/diagnostics.html.erb within rescues/layout (70.4ms)
  Rendered /Users/Alain/.rvm/gems/ruby-2.2.3/gems/web-console-2.3.0/lib/web_console/templates/_markup.html.erb (0.6ms)
  Rendered /Users/Alain/.rvm/gems/ruby-2.2.3/gems/web-console-2.3.0/lib/web_console/templates/_inner_console_markup.html.erb within layouts/inlined_string (0.4ms)
  Rendered /Users/Alain/.rvm/gems/ruby-2.2.3/gems/web-console-2.3.0/lib/web_console/templates/_prompt_box_markup.html.erb within layouts/inlined_string (0.4ms)
  Rendered /Users/Alain/.rvm/gems/ruby-2.2.3/gems/web-console-2.3.0/lib/web_console/templates/style.css.erb within layouts/inlined_string (0.4ms)
  Rendered /Users/Alain/.rvm/gems/ruby-2.2.3/gems/web-console-2.3.0/lib/web_console/templates/console.js.erb within layouts/javascript (58.3ms)
  Rendered /Users/Alain/.rvm/gems/ruby-2.2.3/gems/web-console-2.3.0/lib/web_console/templates/main.js.erb within layouts/javascript (0.3ms)
  Rendered /Users/Alain/.rvm/gems/ruby-2.2.3/gems/web-console-2.3.0/lib/web_console/templates/error_page.js.erb within layouts/javascript (0.7ms)
  Rendered /Users/Alain/.rvm/gems/ruby-2.2.3/gems/web-console-2.3.0/lib/web_console/templates/index.html.erb (126.3ms)


Started POST "/spaces" for ::1 at 2016-03-19 14:11:38 +0100
Processing by SpacesController#create as HTML
Can't verify CSRF token authenticity
Completed 400 Bad Request in 1ms (ActiveRecord: 0.0ms)

ActionController::ParameterMissing (param is missing or the value is empty: data):
  app/controllers/spaces_controller.rb:73:in `space_params'
  app/controllers/spaces_controller.rb:27:in `create'


  Rendered /Users/Alain/.rvm/gems/ruby-2.2.3/gems/actionpack-4.2.5.2/lib/action_dispatch/middleware/templates/rescues/_source.erb (6.4ms)
  Rendered /Users/Alain/.rvm/gems/ruby-2.2.3/gems/actionpack-4.2.5.2/lib/action_dispatch/middleware/templates/rescues/_trace.html.erb (2.5ms)
  Rendered /Users/Alain/.rvm/gems/ruby-2.2.3/gems/actionpack-4.2.5.2/lib/action_dispatch/middleware/templates/rescues/_request_and_response.html.erb (1.4ms)
  Rendered /Users/Alain/.rvm/gems/ruby-2.2.3/gems/actionpack-4.2.5.2/lib/action_dispatch/middleware/templates/rescues/diagnostics.html.erb within rescues/layout (65.2ms)
  Rendered /Users/Alain/.rvm/gems/ruby-2.2.3/gems/web-console-2.3.0/lib/web_console/templates/_markup.html.erb (0.7ms)
  Rendered /Users/Alain/.rvm/gems/ruby-2.2.3/gems/web-console-2.3.0/lib/web_console/templates/_inner_console_markup.html.erb within layouts/inlined_string (0.4ms)
  Rendered /Users/Alain/.rvm/gems/ruby-2.2.3/gems/web-console-2.3.0/lib/web_console/templates/_prompt_box_markup.html.erb within layouts/inlined_string (0.3ms)
  Rendered /Users/Alain/.rvm/gems/ruby-2.2.3/gems/web-console-2.3.0/lib/web_console/templates/style.css.erb within layouts/inlined_string (0.6ms)
  Rendered /Users/Alain/.rvm/gems/ruby-2.2.3/gems/web-console-2.3.0/lib/web_console/templates/console.js.erb within layouts/javascript (58.3ms)
  Rendered /Users/Alain/.rvm/gems/ruby-2.2.3/gems/web-console-2.3.0/lib/web_console/templates/main.js.erb within layouts/javascript (0.5ms)
  Rendered /Users/Alain/.rvm/gems/ruby-2.2.3/gems/web-console-2.3.0/lib/web_console/templates/error_page.js.erb within layouts/javascript (0.8ms)
  Rendered /Users/Alain/.rvm/gems/ruby-2.2.3/gems/web-console-2.3.0/lib/web_console/templates/index.html.erb (125.2ms)


Started OPTIONS "/spaces" for ::1 at 2016-03-19 14:38:35 +0100
  [1m[36mActiveRecord::SchemaMigration Load (16.3ms)[0m  [1mSELECT "schema_migrations".* FROM "schema_migrations"[0m
Processing by ApplicationController#options as */*
  Parameters: {"any"=>"spaces"}
Can't verify CSRF token authenticity
Completed 200 OK in 1ms (ActiveRecord: 0.0ms)


Started POST "/spaces" for ::1 at 2016-03-19 14:38:36 +0100
Processing by SpacesController#create as HTML
  Parameters: {"name"=>"A", "space"=>{"name"=>"A"}}
Can't verify CSRF token authenticity
Completed 400 Bad Request in 1ms (ActiveRecord: 24.6ms)

ActionController::ParameterMissing (param is missing or the value is empty: data):
  app/controllers/spaces_controller.rb:73:in `space_params'
  app/controllers/spaces_controller.rb:27:in `create'


  Rendered /Users/Alain/.rvm/gems/ruby-2.2.3/gems/actionpack-4.2.5.2/lib/action_dispatch/middleware/templates/rescues/_source.erb (5.5ms)
  Rendered /Users/Alain/.rvm/gems/ruby-2.2.3/gems/actionpack-4.2.5.2/lib/action_dispatch/middleware/templates/rescues/_trace.html.erb (2.9ms)
  Rendered /Users/Alain/.rvm/gems/ruby-2.2.3/gems/actionpack-4.2.5.2/lib/action_dispatch/middleware/templates/rescues/_request_and_response.html.erb (1.6ms)
  Rendered /Users/Alain/.rvm/gems/ruby-2.2.3/gems/actionpack-4.2.5.2/lib/action_dispatch/middleware/templates/rescues/diagnostics.html.erb within rescues/layout (87.7ms)
  Rendered /Users/Alain/.rvm/gems/ruby-2.2.3/gems/web-console-2.3.0/lib/web_console/templates/_markup.html.erb (0.6ms)
  Rendered /Users/Alain/.rvm/gems/ruby-2.2.3/gems/web-console-2.3.0/lib/web_console/templates/_inner_console_markup.html.erb within layouts/inlined_string (0.4ms)
  Rendered /Users/Alain/.rvm/gems/ruby-2.2.3/gems/web-console-2.3.0/lib/web_console/templates/_prompt_box_markup.html.erb within layouts/inlined_string (0.3ms)
  Rendered /Users/Alain/.rvm/gems/ruby-2.2.3/gems/web-console-2.3.0/lib/web_console/templates/style.css.erb within layouts/inlined_string (0.7ms)
  Rendered /Users/Alain/.rvm/gems/ruby-2.2.3/gems/web-console-2.3.0/lib/web_console/templates/console.js.erb within layouts/javascript (74.6ms)
  Rendered /Users/Alain/.rvm/gems/ruby-2.2.3/gems/web-console-2.3.0/lib/web_console/templates/main.js.erb within layouts/javascript (0.4ms)
  Rendered /Users/Alain/.rvm/gems/ruby-2.2.3/gems/web-console-2.3.0/lib/web_console/templates/error_page.js.erb within layouts/javascript (0.5ms)
  Rendered /Users/Alain/.rvm/gems/ruby-2.2.3/gems/web-console-2.3.0/lib/web_console/templates/index.html.erb (167.9ms)
